NISTDataType.LiquidDensity
       T (K)  rhol (kg/m3)  Avg urho (kg/m3)
24    85.880       1163.10          2.602357
62   110.011       1028.87          2.302027
100  146.014        741.50          1.659056
NISTDataType.SaturationPressure
        T (K)    P (kPa)  Avg uP (kPa)
45    86.0081    63.9561      0.566228
186  115.0120   755.6300      6.689887
327  146.1200  3609.4500     31.955870
==============================
Warm-up simulation:
==============================
==============================
Production simulation:
==============================
==============================
Proposed moves:
2000000.0
[[2000000.]]
==============================

==============================
Successful moves:
[[899693.]]
==============================

==============================
Ratio of successful moves
[[0.4498465]]
==============================

==============================
Transition matrix:
[[1.]]
==============================

==============================
Warm-up simulation:
==============================
==============================
Production simulation:
==============================
==============================
Proposed moves:
2000000.0
[[2000000.]]
==============================

==============================
Successful moves:
[[981419.]]
==============================

==============================
Ratio of successful moves
[[0.4907095]]
==============================

==============================
Transition matrix:
[[1.]]
==============================

==============================
Warm-up simulation:
==============================
==============================
Production simulation:
==============================
==============================
Proposed moves:
2000000.0
[[2000000.]]
==============================

==============================
Successful moves:
[[1149249.]]
==============================

==============================
Ratio of successful moves
[[0.5746245]]
==============================

==============================
Transition matrix:
[[1.]]
==============================

==================
Prior Fitting Simulations Complete
==================
[<NISTDataType.LiquidDensity: 'Liquid Density'>, <NISTDataType.SaturationPressure: 'Saturation Pressure'>]
[<NISTDataType.LiquidDensity: 'Liquid Density'>, <NISTDataType.SaturationPressure: 'Saturation Pressure'>]
NISTDataType.LiquidDensity
      T (K)  rhol (kg/m3)  Avg urho (kg/m3)
24   86.008      1161.500          2.598777
32   90.008      1141.900          2.554924
40   94.000      1121.690          2.509705
47   98.158      1097.170          2.454843
55  103.167      1068.000          2.389578
62  110.286      1030.470          2.305607
70  118.013       986.900          2.208122
78  124.013       946.800          2.118401
85  130.294       901.028          2.015989
93  140.014       813.200          1.819480
NISTDataType.SaturationPressure
       T (K)    P (kPa)  Avg uP (kPa)
45    86.190    65.2938      0.578071
74    90.600   106.0670      0.939053
104   95.019   163.2600      1.445405
134  100.024   254.3200      2.251594
161  109.999   542.9300      4.806771
194  116.015   803.5500      7.114142
227  124.020  1279.2600     11.325788
257  130.017  1749.2200     15.486527
288  137.517  2494.6900     22.086464
322  145.035  3448.4800     30.530739
NISTDataType.LiquidDensity       T (K)  rhol (kg/m3)  Avg urho (kg/m3)
24   86.008      1161.500          2.598777
32   90.008      1141.900          2.554924
40   94.000      1121.690          2.509705
47   98.158      1097.170          2.454843
55  103.167      1068.000          2.389578
62  110.286      1030.470          2.305607
70  118.013       986.900          2.208122
78  124.013       946.800          2.118401
85  130.294       901.028          2.015989
93  140.014       813.200          1.819480
==============================
Warm-up simulation:
==============================
==============================
Production simulation:
==============================
==============================
Proposed moves:
500000.0
[[500000.]]
==============================

==============================
Successful moves:
[[245329.]]
==============================

==============================
Ratio of successful moves
[[0.490658]]
==============================

==============================
Transition matrix:
[[1.]]
==============================

==============================
Warm-up simulation:
==============================
==============================
Production simulation:
==============================
==============================
Proposed moves:
500000.0
[[500000.]]
==============================

==============================
Successful moves:
[[287242.]]
==============================

==============================
Ratio of successful moves
[[0.574484]]
==============================

==============================
Transition matrix:
[[1.]]
==============================

==============================
Warm-up simulation:
==============================
==============================
Production simulation:
==============================
==============================
Proposed moves:
500000.0
[[500000.]]
==============================

==============================
Successful moves:
[[258155.]]
==============================

==============================
Ratio of successful moves
[[0.51631]]
==============================

==============================
Transition matrix:
[[1.]]
==============================

==================
MBAR Fitting Simulations Complete
==================
UA 0.0 [49.18482088  0.30174509]
==============================
Warm-up simulation:
==============================
==============================
Production simulation:
==============================
==============================
Proposed moves:
4000000.0
[[4000000.]]
==============================

==============================
Successful moves:
[[1987314.]]
==============================

==============================
Ratio of successful moves
[[0.4968285]]
==============================

==============================
Transition matrix:
[[1.]]
==============================

Lamda Window 0: g=1000.0 N_samples=4000
UA 0.5 [49.18482088  0.30174509]
==============================
Warm-up simulation:
==============================
==============================
Production simulation:
==============================
==============================
Proposed moves:
4000000.0
[[4000000.]]
==============================

==============================
Successful moves:
[[1973977.]]
==============================

==============================
Ratio of successful moves
[[0.49349425]]
==============================

==============================
Transition matrix:
[[1.]]
==============================

Lamda Window 1: g=1000.0 N_samples=4000
UA 1.0 [49.18482088  0.30174509]
==============================
Warm-up simulation:
==============================
==============================
Production simulation:
==============================
==============================
Proposed moves:
4000000.0
[[4000000.]]
==============================

==============================
Successful moves:
[[1859599.]]
==============================

==============================
Ratio of successful moves
[[0.46489975]]
==============================

==============================
Transition matrix:
[[1.]]
==============================

Lamda Window 2: g=1000.0 N_samples=4000
==============================
Overlap matrix:

matrix([[0.34512503, 0.33485779, 0.32001717],
        [0.33485779, 0.33377715, 0.33136506],
        [0.32001717, 0.33136506, 0.34861777]])
==============================
==================
UA complete, integral of -73.68709109933326 with 0.0037151681981388417 error
==================
AUA 0.0 [43.90897921  0.30994103  0.09913415]
==============================
Warm-up simulation:
==============================
==============================
Production simulation:
==============================
==============================
Proposed moves:
4000000.0
[[4000000.]]
==============================

==============================
Successful moves:
[[1934723.]]
==============================

==============================
Ratio of successful moves
[[0.48368075]]
==============================

==============================
Transition matrix:
[[1.]]
==============================

Lamda Window 0: g=1000.0 N_samples=4000
AUA 0.5 [43.90897921  0.30994103  0.09913415]
==============================
Warm-up simulation:
==============================
==============================
Production simulation:
==============================
==============================
Proposed moves:
4000000.0
[[4000000.]]
==============================

==============================
Successful moves:
[[1948499.]]
==============================

==============================
Ratio of successful moves
[[0.48712475]]
==============================

==============================
Transition matrix:
[[1.]]
==============================

Lamda Window 1: g=1000.0 N_samples=4000
AUA 1.0 [43.90897921  0.30994103  0.09913415]
==============================
Warm-up simulation:
==============================
==============================
Production simulation:
==============================
==============================
Proposed moves:
4000000.0
[[4000000.]]
==============================

==============================
Successful moves:
[[1978280.]]
==============================

==============================
Ratio of successful moves
[[0.49457]]
==============================

==============================
Transition matrix:
[[1.]]
==============================

Lamda Window 2: g=1000.0 N_samples=4000
==============================
Overlap matrix:

matrix([[0.3583271 , 0.33779071, 0.30388219],
        [0.33779071, 0.33562314, 0.32658615],
        [0.30388219, 0.32658615, 0.36953166]])
==============================
==================
AUA complete, integral of -69.49291771114656 with 0.0056564188010628695 error
==================
AUA+Q 0.0 [4.15182949e+01 3.13978709e-01 8.94613028e-02 2.33081412e-02]
==============================
Warm-up simulation:
==============================
==============================
Production simulation:
==============================
==============================
Proposed moves:
4000000.0
[[4000000.]]
==============================

==============================
Successful moves:
[[1959165.]]
==============================

==============================
Ratio of successful moves
[[0.48979125]]
==============================

==============================
Transition matrix:
[[1.]]
==============================

Lamda Window 0: g=1000.0 N_samples=4000
AUA+Q 1.0 [4.15182949e+01 3.13978709e-01 8.94613028e-02 2.33081412e-02]
==============================
Warm-up simulation:
==============================
==============================
Production simulation:
==============================
==============================
Proposed moves:
4000000.0
[[4000000.]]
==============================

==============================
Successful moves:
[[1983337.]]
==============================

==============================
Ratio of successful moves
[[0.49583425]]
==============================

==============================
Transition matrix:
[[1.]]
==============================

Lamda Window 2: g=1000.0 N_samples=4000
==============================
Overlap matrix:

matrix([[0.61296002, 0.25379068, 0.1332493 ],
        [0.25379068, 0.41336866, 0.33284066],
        [0.1332493 , 0.33284066, 0.53391004]])
==============================
==================
AUA+Q complete, integral of -70.81776159038687 with 0.02004326509542586 error
==================
==================
MBAR Calculations Complete
==================
NISTDataType.LiquidDensity       T (K)  rhol (kg/m3)  Avg urho (kg/m3)
24   86.008      1161.500          2.598777
32   90.008      1141.900          2.554924
40   94.000      1121.690          2.509705
47   98.158      1097.170          2.454843
55  103.167      1068.000          2.389578
62  110.286      1030.470          2.305607
70  118.013       986.900          2.208122
78  124.013       946.800          2.118401
85  130.294       901.028          2.015989
93  140.014       813.200          1.819480
==============================
Warm-up simulation:
==============================
==============================
Production simulation:
==============================
==============================
Proposed moves:
500000.0
[[500000.]]
==============================

==============================
Successful moves:
[[214126.]]
==============================

==============================
Ratio of successful moves
[[0.428252]]
==============================

==============================
Transition matrix:
[[1.]]
==============================

==============================
Warm-up simulation:
==============================
==============================
Production simulation:
==============================
==============================
Proposed moves:
500000.0
[[500000.]]
==============================

==============================
Successful moves:
[[246868.]]
==============================

==============================
Ratio of successful moves
[[0.493736]]
==============================

==============================
Transition matrix:
[[1.]]
==============================

==================
RJMC Fitting Simulations Complete
==================
[-53.44659117]
[-52.97741698]
[-62.20955003]
==============================
Warm-up simulation:
==============================
==============================
Production simulation:
==============================
==============================
Proposed moves:
2000000.0
[[300323. 150437. 150858.]
 [170704. 342164. 171545.]
 [178970. 178384. 356615.]]
==============================

==============================
Successful moves:
[[130962.  54545.   2743.]
 [ 54597. 188186.    935.]
 [  2691.    987. 174988.]]
==============================

==============================
Ratio of successful moves
[[0.4360705  0.36257703 0.01818266]
 [0.31983433 0.54998773 0.00545046]
 [0.01503604 0.00553301 0.49069164]]
==============================

==============================
Transition matrix:
[[-1.          0.09066384  0.00455937]
 [ 0.07977201 -1.          0.00136613]
 [ 0.00376907  0.00138241 -1.        ]]
==============================

==================
RJMC Simulations Complete
==================
==============================
Warm-up simulation:
==============================
==============================
Production simulation:
==============================
==============================
Proposed moves:
2000000.0
[[2000000.]]
==============================

==============================
Successful moves:
[[1163425.]]
==============================

==============================
Ratio of successful moves
[[0.5817125]]
==============================

==============================
Transition matrix:
[[1.]]
==============================

==============================
Warm-up simulation:
==============================
==============================
Production simulation:
==============================
==============================
Proposed moves:
2000000.0
[[2000000.]]
==============================

==============================
Successful moves:
[[879148.]]
==============================

==============================
Ratio of successful moves
[[0.439574]]
==============================

==============================
Transition matrix:
[[1.]]
==============================

==============================
Warm-up simulation:
==============================
==============================
Production simulation:
==============================
==============================
Proposed moves:
2000000.0
[[2000000.]]
==============================

==============================
Successful moves:
[[1013280.]]
==============================

==============================
Ratio of successful moves
[[0.50664]]
==============================

==============================
Transition matrix:
[[1.]]
==============================

NISTDataType.LiquidDensity
For model UA, -ELPPD is 25.64669007017171 tested against 20 data points (average stdev away from experiment = 1.6014584000270413)
For model AUA, -ELPPD is 24.08113191831708 tested against 20 data points (average stdev away from experiment = 1.5518096506439532)
For model AUA+Q, -ELPPD is 25.72871022622232 tested against 20 data points (average stdev away from experiment = 1.6040171515985207)
==================
Benchmarking Simulations Complete
==================
NISTDataType.SaturationPressure
For model UA, -ELPPD is 16.923368033234933 tested against 20 data points (average stdev away from experiment = 1.3008984600357913)
For model AUA, -ELPPD is 6.274332070562354 tested against 20 data points (average stdev away from experiment = 0.7921068154335218)
For model AUA+Q, -ELPPD is 3.950210983312469 tested against 20 data points (average stdev away from experiment = 0.6285070392058046)
==================
Benchmarking Simulations Complete
==================
{'UA': {'integral': -73.68709109933326, 'error': 0.0037151681981388417}, 'AUA': {'integral': -69.49291771114656, 'error': 0.0056564188010628695}, 'AUA+Q': {'integral': -70.81776159038687, 'error': 0.02004326509542586}}
{'models': ['UA', 'AUA', 'AUA+Q'], 'log Bayes factor': [-4.194173388186698, 0.0, -1.324843879240305], 'log Bayes factor uncertainty': [0.08226413917882623, 0.0, 0.14431260029638732], 'Bayes factor': [0.015083205266084362, 1.0, 0.265844459688297], 'Bayes factor uncertainty': [0.0012408068972719686, 0.0, 0.038364705252006255]}
